<?xml version="1.0" encoding="UTF-8"?>
<!-- Generated by org.testng.reporters.JUnitReportReporter -->
<testsuite hostname="DESKTOP-CTNIRRU" failures="0" tests="1" name="popups_learn.Learn_popups" time="2.260" errors="0" timestamp="24 May 2023 15:46:37 GMT" skipped="0">
  <testcase classname="popups_learn.Learn_popups" name="popup_learn" time="2.260"/>
</testsuite> <!-- popups_learn.Learn_popups -->
