<?xml version="1.0" encoding="UTF-8"?>
<!-- Generated by org.testng.reporters.JUnitReportReporter -->
<testsuite hostname="DESKTOP-CTNIRRU" failures="0" tests="1" name="functionize" time="1012.041" errors="0" timestamp="21 Apr 2022 13:49:06 GMT" skipped="0">
  <testcase classname="functionize" name="functionize_test" time="1012.041"/>
</testsuite> <!-- functionize -->
