<?xml version="1.0" encoding="UTF-8"?>
<!-- Generated by org.testng.reporters.JUnitReportReporter -->
<testsuite hostname="DESKTOP-CTNIRRU" failures="0" tests="1" name="testNG_learn.NewTest_2" time="0.163" errors="0" timestamp="23 May 2022 04:53:03 GMT" skipped="0">
  <testcase classname="testNG_learn.NewTest_2" name="f" time="0.163"/>
</testsuite> <!-- testNG_learn.NewTest_2 -->
