<?xml version="1.0" encoding="UTF-8"?>
<!-- Generated by org.testng.reporters.JUnitReportReporter -->
<testsuite hostname="DESKTOP-CTNIRRU" failures="0" tests="1" name="testNG_learn.NewTest" time="0.008" errors="0" timestamp="20 May 2022 04:32:09 GMT" skipped="0">
  <testcase classname="testNG_learn.NewTest" name="Test" time="0.008"/>
</testsuite> <!-- testNG_learn.NewTest -->
