<?xml version="1.0" encoding="UTF-8"?>
<!-- Generated by org.testng.reporters.JUnitReportReporter -->
<testsuite hostname="DESKTOP-CTNIRRU" failures="0" tests="1" name="parallelExecutionLearn.OrangeHRMApp" time="11.674" errors="0" timestamp="2023-12-05T23:46:43 IST" skipped="0">
  <testcase classname="parallelExecutionLearn.OrangeHRMApp" name="dPicker" time="11.674"/>
  <system-out/>
</testsuite> <!-- parallelExecutionLearn.OrangeHRMApp -->
