<?xml version="1.0" encoding="UTF-8"?>
<!-- Generated by org.testng.reporters.JUnitReportReporter -->
<testsuite hostname="DESKTOP-CTNIRRU" failures="0" tests="2" name="String_new" time="0.029" errors="0" timestamp="21 Apr 2022 14:28:20 GMT" skipped="0">
  <testcase classname="String_new" name="Test_pra" time="0.002"/>
  <testcase classname="String_new" name="test2" time="0.027"/>
</testsuite> <!-- String_new -->
