<?xml version="1.0" encoding="UTF-8"?>
<!-- Generated by org.testng.reporters.JUnitReportReporter -->
<testsuite hostname="DESKTOP-CTNIRRU" failures="0" tests="2" name="parallelExecutionLearn.GoogleTest" time="12.767" errors="0" timestamp="2023-11-18T21:30:34 IST" skipped="0">
  <testcase classname="parallelExecutionLearn.GoogleTest" name="hello" time="5.807"/>
  <system-out/>
  <testcase classname="parallelExecutionLearn.GoogleTest" name="hello" time="6.960"/>
  <system-out/>
</testsuite> <!-- parallelExecutionLearn.GoogleTest -->
