<?xml version="1.0" encoding="UTF-8"?>
<!-- Generated by org.testng.reporters.JUnitReportReporter -->
<testsuite hostname="DESKTOP-CTNIRRU" failures="0" tests="1" name="rest_assured_learn.Api_get_call_learn" time="2.392" errors="0" timestamp="11 Jun 2022 13:08:16 GMT" skipped="0">
  <testcase classname="rest_assured_learn.Api_get_call_learn" name="get_calls" time="2.392"/>
</testsuite> <!-- rest_assured_learn.Api_get_call_learn -->
