<?xml version="1.0" encoding="UTF-8"?>
<!-- Generated by org.testng.reporters.JUnitReportReporter -->
<testsuite hostname="DESKTOP-CTNIRRU" failures="0" tests="1" name="dataBaseWorkOut.SQLConnectionQuery" time="433.681" errors="0" timestamp="2023-12-05T16:08:52 IST" skipped="0">
  <testcase classname="dataBaseWorkOut.SQLConnectionQuery" name="sqlExecution" time="433.681"/>
  <system-out/>
</testsuite> <!-- dataBaseWorkOut.SQLConnectionQuery -->
