<?xml version="1.0" encoding="UTF-8"?>
<!-- Generated by org.testng.reporters.JUnitReportReporter -->
<testsuite hostname="DESKTOP-CTNIRRU" failures="0" tests="1" name="rest_assured_learn.Api_get_call_learn" time="2.701" errors="0" timestamp="2023-11-28T13:26:05 IST" skipped="0">
  <testcase classname="rest_assured_learn.Api_get_call_learn" name="get_calls" time="2.701"/>
  <system-out/>
</testsuite> <!-- rest_assured_learn.Api_get_call_learn -->
