<?xml version="1.0" encoding="UTF-8"?>
<!-- Generated by org.testng.reporters.JUnitReportReporter -->
<testsuite hostname="DESKTOP-CTNIRRU" failures="0" tests="1" name="dataBaseWorkOut.DBWork" time="1.802" errors="0" timestamp="2023-12-05T23:30:01 IST" skipped="0">
  <testcase classname="dataBaseWorkOut.DBWork" name="sqlExecution" time="1.802"/>
  <system-out/>
</testsuite> <!-- dataBaseWorkOut.DBWork -->
