<?xml version="1.0" encoding="UTF-8"?>
<!-- Generated by org.testng.reporters.JUnitReportReporter -->
<testsuite hostname="DESKTOP-CTNIRRU" failures="0" tests="1" name="Learn_Excel.Learn_excel_1" time="0.492" errors="0" timestamp="07 Dec 2022 15:50:25 GMT" skipped="0">
  <testcase classname="Learn_Excel.Learn_excel_1" name="Learn_excel_new" time="0.492"/>
</testsuite> <!-- Learn_Excel.Learn_excel_1 -->
