<?xml version="1.0" encoding="UTF-8"?>
<!-- Generated by org.testng.reporters.JUnitReportReporter -->
<testsuite hostname="DESKTOP-CTNIRRU" failures="0" tests="2" name="parallelExecutionLearn.OrangeHRMApp" time="17.381" errors="0" timestamp="2023-07-29T22:28:16 IST" skipped="0">
  <testcase classname="parallelExecutionLearn.OrangeHRMApp" name="dPicker" time="8.646"/>
  <system-out/>
  <testcase classname="parallelExecutionLearn.OrangeHRMApp" name="dPicker" time="8.735"/>
  <system-out/>
</testsuite> <!-- parallelExecutionLearn.OrangeHRMApp -->
