<?xml version="1.0" encoding="UTF-8"?>
<!-- Generated by org.testng.reporters.JUnitReportReporter -->
<testsuite hostname="DESKTOP-CTNIRRU" failures="0" tests="1" name="test1.Selection" time="0.000" errors="0" timestamp="25 Jun 2023 14:12:33 GMT" skipped="1">
  <testcase classname="test1.Selection" name="date" time="0.000">
    <skipped/>
  </testcase> <!-- date -->
</testsuite> <!-- test1.Selection -->
