<?xml version="1.0" encoding="UTF-8"?>
<!-- Generated by org.testng.reporters.JUnitReportReporter -->
<testsuite hostname="DESKTOP-CTNIRRU" failures="0" tests="1" name="screenshot_learn.Screenshot_element" time="7.887" errors="0" timestamp="2023-08-08T15:51:03 IST" skipped="0">
  <testcase classname="screenshot_learn.Screenshot_element" name="src_sht" time="7.887"/>
  <system-out/>
</testsuite> <!-- screenshot_learn.Screenshot_element -->
