<?xml version="1.0" encoding="UTF-8"?>
<!-- Generated by org.testng.reporters.JUnitReportReporter -->
<testsuite hostname="DESKTOP-CTNIRRU" failures="0" tests="1" name="String_practice" time="0.013" errors="0" timestamp="21 Apr 2022 13:59:11 GMT" skipped="0">
  <testcase classname="String_practice" name="Test_pra" time="0.013"/>
</testsuite> <!-- String_practice -->
