<?xml version="1.0" encoding="UTF-8"?>
<!-- Generated by org.testng.reporters.JUnitReportReporter -->
<testsuite hostname="DESKTOP-CTNIRRU" failures="0" tests="1" name="Learn_excel_" time="0.532" errors="0" timestamp="03 Jun 2023 04:25:00 GMT" skipped="0">
  <testcase classname="Learn_excel_" name="Learn_excel_new" time="0.532"/>
</testsuite> <!-- Learn_excel_ -->
