<?xml version="1.0" encoding="UTF-8"?>
<!-- Generated by org.testng.reporters.JUnitReportReporter -->
<testsuite hostname="DESKTOP-CTNIRRU" failures="0" tests="1" name="parallelExecutionLearn.OrangeHRMApp" time="13.238" errors="0" timestamp="2023-08-15T23:57:22 IST" skipped="0">
  <testcase classname="parallelExecutionLearn.OrangeHRMApp" name="dPicker" time="13.238"/>
  <system-out/>
</testsuite> <!-- parallelExecutionLearn.OrangeHRMApp -->
