<?xml version="1.0" encoding="UTF-8"?>
<!-- Generated by org.testng.reporters.JUnitReportReporter -->
<testsuite hostname="DESKTOP-CTNIRRU" failures="0" tests="1" name="parallelExecutionLearn.GoogleTest" time="7.180" errors="0" timestamp="2023-08-15T23:57:22 IST" skipped="0">
  <testcase classname="parallelExecutionLearn.GoogleTest" name="hello" time="7.180"/>
  <system-out/>
</testsuite> <!-- parallelExecutionLearn.GoogleTest -->
