<?xml version="1.0" encoding="UTF-8"?>
<!-- Generated by org.testng.reporters.JUnitReportReporter -->
<testsuite hostname="DESKTOP-CTNIRRU" failures="0" tests="1" name="Learn_Iteratios1" time="0.030" errors="0" timestamp="05 May 2022 03:47:35 GMT" skipped="0">
  <testcase classname="Learn_Iteratios1" name="Iteratevalues" time="0.030"/>
</testsuite> <!-- Learn_Iteratios1 -->
