<?xml version="1.0" encoding="UTF-8"?>
<!-- Generated by org.testng.reporters.JUnitReportReporter -->
<testsuite hostname="DESKTOP-CTNIRRU" failures="0" tests="1" name="rest_assured_learn.Put_call" time="3.524" errors="0" timestamp="29 May 2022 06:26:18 GMT" skipped="0">
  <testcase classname="rest_assured_learn.Put_call" name="RegistrationSuccessful" time="3.524"/>
</testsuite> <!-- rest_assured_learn.Put_call -->
