<?xml version="1.0" encoding="UTF-8"?>
<!-- Generated by org.testng.reporters.JUnitReportReporter -->
<testsuite hostname="DESKTOP-CTNIRRU" failures="0" tests="1" name="winHandles.WindowHandeling" time="8.827" errors="0" timestamp="2023-10-17T16:50:26 IST" skipped="0">
  <testcase classname="winHandles.WindowHandeling" name="tstWindowHandle" time="8.827"/>
  <system-out/>
</testsuite> <!-- winHandles.WindowHandeling -->
