<?xml version="1.0" encoding="UTF-8"?>
<!-- Generated by org.testng.reporters.JUnitReportReporter -->
<testsuite hostname="DESKTOP-CTNIRRU" failures="0" tests="1" name="parallelExecutionLearn.GoogleTest" time="6.546" errors="0" timestamp="2023-12-05T23:47:24 IST" skipped="0">
  <testcase classname="parallelExecutionLearn.GoogleTest" name="hello" time="6.546"/>
  <system-out/>
</testsuite> <!-- parallelExecutionLearn.GoogleTest -->
