<?xml version="1.0" encoding="UTF-8"?>
<!-- Generated by org.testng.reporters.JUnitReportReporter -->
<testsuite hostname="DESKTOP-CTNIRRU" failures="0" tests="1" name="Open_cart.Open_cart_table" time="9.379" errors="0" timestamp="24 Apr 2022 13:13:59 GMT" skipped="0">
  <testcase classname="Open_cart.Open_cart_table" name="Dynamic_table" time="9.379"/>
</testsuite> <!-- Open_cart.Open_cart_table -->
