<?xml version="1.0" encoding="UTF-8"?>
<!-- Generated by org.testng.reporters.JUnitReportReporter -->
<testsuite hostname="DESKTOP-CTNIRRU" failures="0" tests="1" name="Contition_learn" time="0.000" errors="0" timestamp="25 Jun 2023 14:12:33 GMT" skipped="1">
  <testcase classname="Contition_learn" name="If_learn" time="0.000">
    <skipped/>
  </testcase> <!-- If_learn -->
</testsuite> <!-- Contition_learn -->
