<?xml version="1.0" encoding="UTF-8"?>
<!-- Generated by org.testng.reporters.JUnitReportReporter -->
<testsuite hostname="DESKTOP-CTNIRRU" failures="0" tests="1" name="seliniumdemo.Excel_run_apps" time="12.933" errors="0" timestamp="02 Mar 2023 13:11:21 GMT" skipped="0">
  <testcase classname="seliniumdemo.Excel_run_apps" name="test" time="12.933"/>
</testsuite> <!-- seliniumdemo.Excel_run_apps -->
