<?xml version="1.0" encoding="UTF-8"?>
<!-- Generated by org.testng.reporters.JUnitReportReporter -->
<testsuite hostname="DESKTOP-CTNIRRU" failures="0" tests="1" name="Learn_Excel.Learn_excel_1" time="0.430" errors="0" timestamp="19 May 2022 05:44:12 GMT" skipped="0">
  <testcase classname="Learn_Excel.Learn_excel_1" name="Learn_excel_new" time="0.430"/>
</testsuite> <!-- Learn_Excel.Learn_excel_1 -->
