<?xml version="1.0" encoding="UTF-8"?>
<!-- Generated by org.testng.reporters.JUnitReportReporter -->
<testsuite hostname="DESKTOP-CTNIRRU" failures="0" tests="1" name="rest_assured_learn.Api_get_call_learn" time="2.905" errors="0" timestamp="28 May 2023 13:37:34 GMT" skipped="0">
  <testcase classname="rest_assured_learn.Api_get_call_learn" name="get_calls" time="2.905"/>
</testsuite> <!-- rest_assured_learn.Api_get_call_learn -->
