<?xml version="1.0" encoding="UTF-8"?>
<!-- Generated by org.testng.reporters.JUnitReportReporter -->
<testsuite hostname="DESKTOP-CTNIRRU" failures="0" tests="1" name="Learn_excel_" time="0.698" errors="0" timestamp="04 May 2022 10:29:31 GMT" skipped="0">
  <testcase classname="Learn_excel_" name="Learn_excel_new" time="0.698"/>
</testsuite> <!-- Learn_excel_ -->
