<?xml version="1.0" encoding="UTF-8"?>
<!-- Generated by org.testng.reporters.JUnitReportReporter -->
<testsuite hostname="DESKTOP-CTNIRRU" failures="0" tests="1" name="seliniumdemo.ExcelAppRun" time="14.984" errors="0" timestamp="03 Jun 2023 05:00:07 GMT" skipped="0">
  <testcase classname="seliniumdemo.ExcelAppRun" name="test" time="14.984"/>
</testsuite> <!-- seliniumdemo.ExcelAppRun -->
