<?xml version="1.0" encoding="UTF-8"?>
<!-- Generated by org.testng.reporters.JUnitReportReporter -->
<testsuite hostname="DESKTOP-CTNIRRU" failures="0" tests="2" name="parallelExecutionLearn.GoogleTest" time="13.505" errors="0" timestamp="2023-08-06T17:29:20 IST" skipped="0">
  <testcase classname="parallelExecutionLearn.GoogleTest" name="hello" time="6.911"/>
  <system-out/>
  <testcase classname="parallelExecutionLearn.GoogleTest" name="hello" time="6.594"/>
  <system-out/>
</testsuite> <!-- parallelExecutionLearn.GoogleTest -->
