<?xml version="1.0" encoding="UTF-8"?>
<!-- Generated by org.testng.reporters.JUnitReportReporter -->
<testsuite hostname="DESKTOP-CTNIRRU" failures="0" tests="1" name="screenshot_learn.Screenshot_element" time="8.360" errors="0" timestamp="08 Nov 2022 03:22:24 GMT" skipped="0">
  <testcase classname="screenshot_learn.Screenshot_element" name="src_sht" time="8.360"/>
</testsuite> <!-- screenshot_learn.Screenshot_element -->
