<?xml version="1.0" encoding="UTF-8"?>
<!-- Generated by org.testng.reporters.JUnitReportReporter -->
<testsuite hostname="DESKTOP-CTNIRRU" failures="0" tests="1" name="seliniumdemo.Excel_run_apps" time="23.279" errors="0" timestamp="2023-11-02T21:27:33 IST" skipped="0">
  <testcase classname="seliniumdemo.Excel_run_apps" name="test" time="23.279"/>
  <system-out/>
</testsuite> <!-- seliniumdemo.Excel_run_apps -->
