<?xml version="1.0" encoding="UTF-8"?>
<!-- Generated by org.testng.reporters.JUnitReportReporter -->
<testsuite hostname="DESKTOP-CTNIRRU" failures="0" tests="1" name="rest_assured_learn.API_Put_call" time="2.958" errors="0" timestamp="2023-09-08T19:33:36 IST" skipped="0">
  <testcase classname="rest_assured_learn.API_Put_call" name="RegistrationSuccessful" time="2.958"/>
  <system-out/>
</testsuite> <!-- rest_assured_learn.API_Put_call -->
