<?xml version="1.0" encoding="UTF-8"?>
<!-- Generated by org.testng.reporters.JUnitReportReporter -->
<testsuite hostname="DESKTOP-CTNIRRU" failures="0" tests="1" name="Learn_excel_" time="0.487" errors="0" timestamp="14 Mar 2023 09:59:28 GMT" skipped="0">
  <testcase classname="Learn_excel_" name="Learn_excel_new" time="0.487"/>
</testsuite> <!-- Learn_excel_ -->
