<?xml version="1.0" encoding="UTF-8"?>
<!-- Generated by org.testng.reporters.JUnitReportReporter -->
<testsuite hostname="DESKTOP-CTNIRRU" failures="0" tests="1" name="Learn_Excel.Learn_excel_1" time="1.045" errors="0" timestamp="31 May 2022 04:53:59 GMT" skipped="0">
  <testcase classname="Learn_Excel.Learn_excel_1" name="Learn_excel_new" time="1.045"/>
</testsuite> <!-- Learn_Excel.Learn_excel_1 -->
