<?xml version="1.0" encoding="UTF-8"?>
<!-- Generated by org.testng.reporters.JUnitReportReporter -->
<testsuite hostname="DESKTOP-CTNIRRU" failures="0" tests="1" name="test1.Windows" time="0.745" errors="0" timestamp="2023-07-30T18:05:14 IST" skipped="0">
  <testcase classname="test1.Windows" name="window" time="0.745"/>
  <system-out/>
</testsuite> <!-- test1.Windows -->
