<?xml version="1.0" encoding="UTF-8"?>
<!-- Generated by org.testng.reporters.JUnitReportReporter -->
<testsuite hostname="DESKTOP-CTNIRRU" failures="0" tests="1" name="Learn_Iteratios1" time="0.017" errors="0" timestamp="16 Apr 2022 08:51:16 GMT" skipped="0">
  <testcase classname="Learn_Iteratios1" name="Iteratevalues" time="0.017"/>
</testsuite> <!-- Learn_Iteratios1 -->
