<?xml version="1.0" encoding="UTF-8"?>
<!-- Generated by org.testng.reporters.JUnitReportReporter -->
<testsuite hostname="DESKTOP-CTNIRRU" failures="0" tests="1" name="Contition_learn" time="0.025" errors="0" timestamp="21 Apr 2022 14:22:35 GMT" skipped="0">
  <testcase classname="Contition_learn" name="If_learn" time="0.025"/>
</testsuite> <!-- Contition_learn -->
