<?xml version="1.0" encoding="UTF-8"?>
<!-- Generated by org.testng.reporters.JUnitReportReporter -->
<testsuite hostname="DESKTOP-CTNIRRU" failures="0" tests="1" name="test1.Windows" time="0.692" errors="0" timestamp="2023-08-13T11:18:06 IST" skipped="0">
  <testcase classname="test1.Windows" name="window" time="0.692"/>
  <system-out/>
</testsuite> <!-- test1.Windows -->
