<?xml version="1.0" encoding="UTF-8"?>
<!-- Generated by org.testng.reporters.JUnitReportReporter -->
<testsuite hostname="DESKTOP-CTNIRRU" failures="0" tests="1" name="Open_cart.Open_cart_table" time="0.000" errors="0" timestamp="25 Jun 2023 14:12:33 GMT" skipped="1">
  <testcase classname="Open_cart.Open_cart_table" name="Dynamic_table" time="0.000">
    <skipped/>
  </testcase> <!-- Dynamic_table -->
</testsuite> <!-- Open_cart.Open_cart_table -->
