<?xml version="1.0" encoding="UTF-8"?>
<!-- Generated by org.testng.reporters.JUnitReportReporter -->
<testsuite hostname="DESKTOP-CTNIRRU" failures="0" tests="2" name="parallelExecutionLearn.OrangeHRMApp" time="27.626" errors="0" timestamp="2023-08-06T17:29:20 IST" skipped="0">
  <testcase classname="parallelExecutionLearn.OrangeHRMApp" name="dPicker" time="12.380"/>
  <system-out/>
  <testcase classname="parallelExecutionLearn.OrangeHRMApp" name="dPicker" time="15.246"/>
  <system-out/>
</testsuite> <!-- parallelExecutionLearn.OrangeHRMApp -->
