<?xml version="1.0" encoding="UTF-8"?>
<!-- Generated by org.testng.reporters.JUnitReportReporter -->
<testsuite hostname="DESKTOP-CTNIRRU" failures="0" tests="1" name="rest_assured_learn.API_Put_call" time="2.652" errors="0" timestamp="28 May 2023 13:42:22 GMT" skipped="0">
  <testcase classname="rest_assured_learn.API_Put_call" name="RegistrationSuccessful" time="2.652"/>
</testsuite> <!-- rest_assured_learn.API_Put_call -->
