<?xml version="1.0" encoding="UTF-8"?>
<!-- Generated by org.testng.reporters.JUnitReportReporter -->
<testsuite hostname="DESKTOP-CTNIRRU" failures="0" tests="1" name="testNG_learn_new.NewTest" time="0.009" errors="0" timestamp="06 Jul 2022 05:29:47 GMT" skipped="0">
  <testcase classname="testNG_learn_new.NewTest" name="test" time="0.009"/>
</testsuite> <!-- testNG_learn_new.NewTest -->
