<?xml version="1.0" encoding="UTF-8"?>
<!-- Generated by org.testng.reporters.JUnitReportReporter -->
<testsuite hostname="DESKTOP-CTNIRRU" failures="0" tests="2" name="parallelExecutionLearn.PHPTravel" time="37.577" errors="0" timestamp="2023-07-29T22:28:16 IST" skipped="0">
  <testcase classname="parallelExecutionLearn.PHPTravel" name="dPicker" time="18.792"/>
  <system-out/>
  <testcase classname="parallelExecutionLearn.PHPTravel" name="dPicker" time="18.785"/>
  <system-out/>
</testsuite> <!-- parallelExecutionLearn.PHPTravel -->
