<?xml version="1.0" encoding="UTF-8"?>
<!-- Generated by org.testng.reporters.JUnitReportReporter -->
<testsuite hostname="DESKTOP-CTNIRRU" failures="0" tests="2" name="test1.Testng1" time="0.000" errors="0" timestamp="25 Jun 2023 14:12:33 GMT" skipped="2">
  <testcase classname="test1.Testng1" name="ResizableLinkVerification" time="0.000">
    <skipped/>
  </testcase> <!-- ResizableLinkVerification -->
  <testcase classname="test1.Testng1" name="SelectableVerification" time="0.000">
    <skipped/>
  </testcase> <!-- SelectableVerification -->
</testsuite> <!-- test1.Testng1 -->
