<?xml version="1.0" encoding="UTF-8"?>
<!-- Generated by org.testng.reporters.JUnitReportReporter -->
<testsuite hostname="DESKTOP-CTNIRRU" failures="0" tests="1" name="Inheretence_pack.B" time="0.027" errors="0" timestamp="18 May 2022 04:20:17 GMT" skipped="0">
  <testcase classname="Inheretence_pack.B" name="inh" time="0.027"/>
</testsuite> <!-- Inheretence_pack.B -->
