<?xml version="1.0" encoding="UTF-8"?>
<!-- Generated by org.testng.reporters.JUnitReportReporter -->
<testsuite hostname="DESKTOP-CTNIRRU" failures="0" tests="1" name="seleniumBasics.DateTimePicker" time="19.742" errors="0" timestamp="2023-07-28T16:17:06 IST" skipped="0">
  <testcase classname="seleniumBasics.DateTimePicker" name="dPicker" time="19.742"/>
  <system-out/>
</testsuite> <!-- seleniumBasics.DateTimePicker -->
