<?xml version="1.0" encoding="UTF-8"?>
<!-- Generated by org.testng.reporters.JUnitReportReporter -->
<testsuite hostname="DESKTOP-CTNIRRU" failures="0" tests="1" name="Learn_excel_" time="0.000" errors="0" timestamp="25 Jun 2023 14:12:33 GMT" skipped="1">
  <testcase classname="Learn_excel_" name="Learn_excel_new" time="0.000">
    <skipped/>
  </testcase> <!-- Learn_excel_new -->
</testsuite> <!-- Learn_excel_ -->
