<?xml version="1.0" encoding="UTF-8"?>
<!-- Generated by org.testng.reporters.JUnitReportReporter -->
<testsuite hostname="DESKTOP-CTNIRRU" failures="0" tests="1" name="Learn_Iteratios" time="0.019" errors="0" timestamp="16 Apr 2022 07:54:22 GMT" skipped="0">
  <testcase classname="Learn_Iteratios" name="Iteratevalues" time="0.019"/>
</testsuite> <!-- Learn_Iteratios -->
