<?xml version="1.0" encoding="UTF-8"?>
<!-- Generated by org.testng.reporters.JUnitReportReporter -->
<testsuite hostname="DESKTOP-CTNIRRU" failures="0" tests="1" name="seliniumdemo.Excel_run_apps" time="16.566" errors="0" timestamp="24 May 2023 17:50:20 GMT" skipped="0">
  <testcase classname="seliniumdemo.Excel_run_apps" name="test" time="16.566"/>
</testsuite> <!-- seliniumdemo.Excel_run_apps -->
