<?xml version="1.0" encoding="UTF-8"?>
<!-- Generated by org.testng.reporters.JUnitReportReporter -->
<testsuite hostname="DESKTOP-CTNIRRU" failures="0" tests="1" name="rest_assured_learn.API_Put_call" time="3.602" errors="0" timestamp="11 Jun 2022 13:12:23 GMT" skipped="0">
  <testcase classname="rest_assured_learn.API_Put_call" name="RegistrationSuccessful" time="3.602"/>
</testsuite> <!-- rest_assured_learn.API_Put_call -->
