<?xml version="1.0" encoding="UTF-8"?>
<!-- Generated by org.testng.reporters.JUnitReportReporter -->
<testsuite hostname="DESKTOP-CTNIRRU" failures="0" tests="1" name="popups_learn.Learn_popups" time="0.000" errors="0" timestamp="25 Jun 2023 14:12:33 GMT" skipped="1">
  <testcase classname="popups_learn.Learn_popups" name="popup_learn" time="0.000">
    <skipped/>
  </testcase> <!-- popup_learn -->
</testsuite> <!-- popups_learn.Learn_popups -->
