<?xml version="1.0" encoding="UTF-8"?>
<!-- Generated by org.testng.reporters.JUnitReportReporter -->
<testsuite hostname="DESKTOP-CTNIRRU" failures="0" tests="1" name="rest_assured_learn.API_Put_call" time="0.000" errors="0" timestamp="25 Jun 2023 14:12:33 GMT" skipped="1">
  <testcase classname="rest_assured_learn.API_Put_call" name="RegistrationSuccessful" time="0.000">
    <skipped/>
  </testcase> <!-- RegistrationSuccessful -->
</testsuite> <!-- rest_assured_learn.API_Put_call -->
