<?xml version="1.0" encoding="UTF-8"?>
<!-- Generated by org.testng.reporters.JUnitReportReporter -->
<testsuite hostname="DESKTOP-CTNIRRU" failures="0" tests="1" name="screenshot_learn.Screenshot_element" time="7.572" errors="0" timestamp="2023-10-26T23:56:51 IST" skipped="0">
  <testcase classname="screenshot_learn.Screenshot_element" name="src_sht" time="7.572"/>
  <system-out/>
</testsuite> <!-- screenshot_learn.Screenshot_element -->
