<?xml version="1.0" encoding="UTF-8"?>
<!-- Generated by org.testng.reporters.JUnitReportReporter -->
<testsuite hostname="DESKTOP-CTNIRRU" failures="0" tests="1" name="dataBaseWorkOut.SQLConnectionQuery" time="3.276" errors="0" timestamp="2023-09-12T19:26:37 IST" skipped="0">
  <testcase classname="dataBaseWorkOut.SQLConnectionQuery" name="sqlExecution" time="3.276"/>
  <system-out/>
</testsuite> <!-- dataBaseWorkOut.SQLConnectionQuery -->
