<?xml version="1.0" encoding="UTF-8"?>
<!-- Generated by org.testng.reporters.JUnitReportReporter -->
<testsuite hostname="DESKTOP-CTNIRRU" failures="0" tests="1" name="rest_assured_learn.Api_get_call_learn" time="0.000" errors="0" timestamp="25 Jun 2023 14:12:33 GMT" skipped="1">
  <testcase classname="rest_assured_learn.Api_get_call_learn" name="get_calls" time="0.000">
    <skipped/>
  </testcase> <!-- get_calls -->
</testsuite> <!-- rest_assured_learn.Api_get_call_learn -->
