<?xml version="1.0" encoding="UTF-8"?>
<!-- Generated by org.testng.reporters.JUnitReportReporter -->
<testsuite hostname="DESKTOP-CTNIRRU" failures="0" tests="1" name="rest_assured_learn.Api_learn" time="2.291" errors="0" timestamp="29 May 2022 06:02:12 GMT" skipped="0">
  <testcase classname="rest_assured_learn.Api_learn" name="get_calls" time="2.291"/>
</testsuite> <!-- rest_assured_learn.Api_learn -->
