<?xml version="1.0" encoding="UTF-8"?>
<!-- Generated by org.testng.reporters.JUnitReportReporter -->
<testsuite hostname="DESKTOP-CTNIRRU" failures="0" tests="1" name="testNG_learn.NewTest_2" time="0.164" errors="0" timestamp="06 Jul 2022 05:36:39 GMT" skipped="0">
  <testcase classname="testNG_learn.NewTest_2" name="f" time="0.164"/>
</testsuite> <!-- testNG_learn.NewTest_2 -->
