<?xml version="1.0" encoding="UTF-8"?>
<!-- Generated by org.testng.reporters.JUnitReportReporter -->
<testsuite hostname="DESKTOP-CTNIRRU" failures="0" tests="1" name="String_new" time="0.020" errors="0" timestamp="03 Jun 2022 09:19:17 GMT" skipped="0">
  <testcase classname="String_new" name="test2" time="0.020"/>
</testsuite> <!-- String_new -->
