<?xml version="1.0" encoding="UTF-8"?>
<!-- Generated by org.testng.reporters.JUnitReportReporter -->
<testsuite hostname="DESKTOP-CTNIRRU" failures="0" tests="1" name="dataBaseWorkOut.SQLConnectionQuery" time="1.811" errors="0" timestamp="2023-12-04T21:53:21 IST" skipped="0">
  <testcase classname="dataBaseWorkOut.SQLConnectionQuery" name="sqlExecution" time="1.811"/>
  <system-out/>
</testsuite> <!-- dataBaseWorkOut.SQLConnectionQuery -->
