<?xml version="1.0" encoding="UTF-8"?>
<!-- Generated by org.testng.reporters.JUnitReportReporter -->
<testsuite hostname="DESKTOP-CTNIRRU" failures="0" tests="1" name="testNG_learn.NewTest_1" time="0.007" errors="0" timestamp="06 Sep 2022 04:44:17 GMT" skipped="0">
  <testcase classname="testNG_learn.NewTest_1" name="test_test" time="0.007"/>
</testsuite> <!-- testNG_learn.NewTest_1 -->
